  Determining projects to restore...
  All projects are up-to-date for restore.
  TicketMasala.Domain -> /home/juan/coding/garamatic/ticket-masala/src/TicketMasala.Domain/bin/Debug/net10.0/TicketMasala.Domain.dll
  TicketMasala.Web -> /home/juan/coding/garamatic/ticket-masala/src/TicketMasala.Web/bin/Debug/net10.0/TicketMasala.Web.dll
/home/juan/coding/garamatic/ticket-masala/src/TicketMasala.Tests/Middleware/CorrelationIdMiddlewareTests.cs(25,25): warning CS8604: Possible null reference argument for parameter 'collection' in 'void Assert.NotEmpty(IEnumerable collection)'. [/home/juan/coding/garamatic/ticket-masala/src/TicketMasala.Tests/TicketMasala.Tests.csproj]
/home/juan/coding/garamatic/ticket-masala/src/TicketMasala.Tests/UnitTests/Data/DbSeederTests.cs(45,85): warning CS8625: Cannot convert null literal to non-nullable reference type. [/home/juan/coding/garamatic/ticket-masala/src/TicketMasala.Tests/TicketMasala.Tests.csproj]
/home/juan/coding/garamatic/ticket-masala/src/TicketMasala.Tests/UnitTests/Data/DbSeederTests.cs(45,91): warning CS8625: Cannot convert null literal to non-nullable reference type. [/home/juan/coding/garamatic/ticket-masala/src/TicketMasala.Tests/TicketMasala.Tests.csproj]
/home/juan/coding/garamatic/ticket-masala/src/TicketMasala.Tests/UnitTests/Data/DbSeederTests.cs(45,97): warning CS8625: Cannot convert null literal to non-nullable reference type. [/home/juan/coding/garamatic/ticket-masala/src/TicketMasala.Tests/TicketMasala.Tests.csproj]
/home/juan/coding/garamatic/ticket-masala/src/TicketMasala.Tests/UnitTests/Data/DbSeederTests.cs(45,103): warning CS8625: Cannot convert null literal to non-nullable reference type. [/home/juan/coding/garamatic/ticket-masala/src/TicketMasala.Tests/TicketMasala.Tests.csproj]
/home/juan/coding/garamatic/ticket-masala/src/TicketMasala.Tests/UnitTests/Data/DbSeederTests.cs(45,109): warning CS8625: Cannot convert null literal to non-nullable reference type. [/home/juan/coding/garamatic/ticket-masala/src/TicketMasala.Tests/TicketMasala.Tests.csproj]
/home/juan/coding/garamatic/ticket-masala/src/TicketMasala.Tests/UnitTests/Data/DbSeederTests.cs(45,115): warning CS8625: Cannot convert null literal to non-nullable reference type. [/home/juan/coding/garamatic/ticket-masala/src/TicketMasala.Tests/TicketMasala.Tests.csproj]
/home/juan/coding/garamatic/ticket-masala/src/TicketMasala.Tests/UnitTests/Data/DbSeederTests.cs(45,121): warning CS8625: Cannot convert null literal to non-nullable reference type. [/home/juan/coding/garamatic/ticket-masala/src/TicketMasala.Tests/TicketMasala.Tests.csproj]
/home/juan/coding/garamatic/ticket-masala/src/TicketMasala.Tests/UnitTests/Data/DbSeederTests.cs(45,127): warning CS8625: Cannot convert null literal to non-nullable reference type. [/home/juan/coding/garamatic/ticket-masala/src/TicketMasala.Tests/TicketMasala.Tests.csproj]
/home/juan/coding/garamatic/ticket-masala/src/TicketMasala.Tests/UnitTests/Data/DbSeederTests.cs(48,82): warning CS8625: Cannot convert null literal to non-nullable reference type. [/home/juan/coding/garamatic/ticket-masala/src/TicketMasala.Tests/TicketMasala.Tests.csproj]
/home/juan/coding/garamatic/ticket-masala/src/TicketMasala.Tests/UnitTests/Data/DbSeederTests.cs(48,88): warning CS8625: Cannot convert null literal to non-nullable reference type. [/home/juan/coding/garamatic/ticket-masala/src/TicketMasala.Tests/TicketMasala.Tests.csproj]
/home/juan/coding/garamatic/ticket-masala/src/TicketMasala.Tests/UnitTests/Data/DbSeederTests.cs(48,94): warning CS8625: Cannot convert null literal to non-nullable reference type. [/home/juan/coding/garamatic/ticket-masala/src/TicketMasala.Tests/TicketMasala.Tests.csproj]
/home/juan/coding/garamatic/ticket-masala/src/TicketMasala.Tests/UnitTests/Data/DbSeederTests.cs(48,100): warning CS8625: Cannot convert null literal to non-nullable reference type. [/home/juan/coding/garamatic/ticket-masala/src/TicketMasala.Tests/TicketMasala.Tests.csproj]
/home/juan/coding/garamatic/ticket-masala/src/TicketMasala.Tests/TestHelpers/DatabaseTestFixture.cs(55,92): warning CS8625: Cannot convert null literal to non-nullable reference type. [/home/juan/coding/garamatic/ticket-masala/src/TicketMasala.Tests/TicketMasala.Tests.csproj]
/home/juan/coding/garamatic/ticket-masala/src/TicketMasala.Tests/TestHelpers/DatabaseTestFixture.cs(55,98): warning CS8625: Cannot convert null literal to non-nullable reference type. [/home/juan/coding/garamatic/ticket-masala/src/TicketMasala.Tests/TicketMasala.Tests.csproj]
/home/juan/coding/garamatic/ticket-masala/src/TicketMasala.Tests/TestHelpers/DatabaseTestFixture.cs(55,104): warning CS8625: Cannot convert null literal to non-nullable reference type. [/home/juan/coding/garamatic/ticket-masala/src/TicketMasala.Tests/TicketMasala.Tests.csproj]
/home/juan/coding/garamatic/ticket-masala/src/TicketMasala.Tests/TestHelpers/DatabaseTestFixture.cs(55,110): warning CS8625: Cannot convert null literal to non-nullable reference type. [/home/juan/coding/garamatic/ticket-masala/src/TicketMasala.Tests/TicketMasala.Tests.csproj]
/home/juan/coding/garamatic/ticket-masala/src/TicketMasala.Tests/TestHelpers/DatabaseTestFixture.cs(55,116): warning CS8625: Cannot convert null literal to non-nullable reference type. [/home/juan/coding/garamatic/ticket-masala/src/TicketMasala.Tests/TicketMasala.Tests.csproj]
/home/juan/coding/garamatic/ticket-masala/src/TicketMasala.Tests/TestHelpers/DatabaseTestFixture.cs(55,122): warning CS8625: Cannot convert null literal to non-nullable reference type. [/home/juan/coding/garamatic/ticket-masala/src/TicketMasala.Tests/TicketMasala.Tests.csproj]
/home/juan/coding/garamatic/ticket-masala/src/TicketMasala.Tests/TestHelpers/DatabaseTestFixture.cs(55,128): warning CS8625: Cannot convert null literal to non-nullable reference type. [/home/juan/coding/garamatic/ticket-masala/src/TicketMasala.Tests/TicketMasala.Tests.csproj]
/home/juan/coding/garamatic/ticket-masala/src/TicketMasala.Tests/TestHelpers/DatabaseTestFixture.cs(55,134): warning CS8625: Cannot convert null literal to non-nullable reference type. [/home/juan/coding/garamatic/ticket-masala/src/TicketMasala.Tests/TicketMasala.Tests.csproj]
/home/juan/coding/garamatic/ticket-masala/src/TicketMasala.Tests/Robustness/CrashTests.cs(59,84): warning CS8625: Cannot convert null literal to non-nullable reference type. [/home/juan/coding/garamatic/ticket-masala/src/TicketMasala.Tests/TicketMasala.Tests.csproj]
/home/juan/coding/garamatic/ticket-masala/src/TicketMasala.Tests/Robustness/CrashTests.cs(59,90): warning CS8625: Cannot convert null literal to non-nullable reference type. [/home/juan/coding/garamatic/ticket-masala/src/TicketMasala.Tests/TicketMasala.Tests.csproj]
/home/juan/coding/garamatic/ticket-masala/src/TicketMasala.Tests/Robustness/CrashTests.cs(59,96): warning CS8625: Cannot convert null literal to non-nullable reference type. [/home/juan/coding/garamatic/ticket-masala/src/TicketMasala.Tests/TicketMasala.Tests.csproj]
/home/juan/coding/garamatic/ticket-masala/src/TicketMasala.Tests/Robustness/CrashTests.cs(59,102): warning CS8625: Cannot convert null literal to non-nullable reference type. [/home/juan/coding/garamatic/ticket-masala/src/TicketMasala.Tests/TicketMasala.Tests.csproj]
/home/juan/coding/garamatic/ticket-masala/src/TicketMasala.Tests/Robustness/CrashTests.cs(59,108): warning CS8625: Cannot convert null literal to non-nullable reference type. [/home/juan/coding/garamatic/ticket-masala/src/TicketMasala.Tests/TicketMasala.Tests.csproj]
/home/juan/coding/garamatic/ticket-masala/src/TicketMasala.Tests/Robustness/CrashTests.cs(59,114): warning CS8625: Cannot convert null literal to non-nullable reference type. [/home/juan/coding/garamatic/ticket-masala/src/TicketMasala.Tests/TicketMasala.Tests.csproj]
/home/juan/coding/garamatic/ticket-masala/src/TicketMasala.Tests/Robustness/CrashTests.cs(59,120): warning CS8625: Cannot convert null literal to non-nullable reference type. [/home/juan/coding/garamatic/ticket-masala/src/TicketMasala.Tests/TicketMasala.Tests.csproj]
/home/juan/coding/garamatic/ticket-masala/src/TicketMasala.Tests/Robustness/CrashTests.cs(59,126): warning CS8625: Cannot convert null literal to non-nullable reference type. [/home/juan/coding/garamatic/ticket-masala/src/TicketMasala.Tests/TicketMasala.Tests.csproj]
/home/juan/coding/garamatic/ticket-masala/src/TicketMasala.Tests/Robustness/CrashTests.cs(60,112): warning CS8625: Cannot convert null literal to non-nullable reference type. [/home/juan/coding/garamatic/ticket-masala/src/TicketMasala.Tests/TicketMasala.Tests.csproj]
/home/juan/coding/garamatic/ticket-masala/src/TicketMasala.Tests/Robustness/CrashTests.cs(60,118): warning CS8625: Cannot convert null literal to non-nullable reference type. [/home/juan/coding/garamatic/ticket-masala/src/TicketMasala.Tests/TicketMasala.Tests.csproj]
/home/juan/coding/garamatic/ticket-masala/src/TicketMasala.Tests/Robustness/CrashTests.cs(60,124): warning CS8625: Cannot convert null literal to non-nullable reference type. [/home/juan/coding/garamatic/ticket-masala/src/TicketMasala.Tests/TicketMasala.Tests.csproj]
/home/juan/coding/garamatic/ticket-masala/src/TicketMasala.Tests/Robustness/CrashTests.cs(60,130): warning CS8625: Cannot convert null literal to non-nullable reference type. [/home/juan/coding/garamatic/ticket-masala/src/TicketMasala.Tests/TicketMasala.Tests.csproj]
/home/juan/coding/garamatic/ticket-masala/src/TicketMasala.Tests/Robustness/CrashTests.cs(69,24): warning CS8625: Cannot convert null literal to non-nullable reference type. [/home/juan/coding/garamatic/ticket-masala/src/TicketMasala.Tests/TicketMasala.Tests.csproj]
/home/juan/coding/garamatic/ticket-masala/src/TicketMasala.Tests/Services/ProjectServiceTests.cs(57,27): warning CS8625: Cannot convert null literal to non-nullable reference type. [/home/juan/coding/garamatic/ticket-masala/src/TicketMasala.Tests/TicketMasala.Tests.csproj]
/home/juan/coding/garamatic/ticket-masala/src/TicketMasala.Tests/Services/ProjectServiceTests.cs(57,33): warning CS8625: Cannot convert null literal to non-nullable reference type. [/home/juan/coding/garamatic/ticket-masala/src/TicketMasala.Tests/TicketMasala.Tests.csproj]
/home/juan/coding/garamatic/ticket-masala/src/TicketMasala.Tests/Services/ProjectServiceTests.cs(57,39): warning CS8625: Cannot convert null literal to non-nullable reference type. [/home/juan/coding/garamatic/ticket-masala/src/TicketMasala.Tests/TicketMasala.Tests.csproj]
/home/juan/coding/garamatic/ticket-masala/src/TicketMasala.Tests/Services/ProjectServiceTests.cs(57,45): warning CS8625: Cannot convert null literal to non-nullable reference type. [/home/juan/coding/garamatic/ticket-masala/src/TicketMasala.Tests/TicketMasala.Tests.csproj]
/home/juan/coding/garamatic/ticket-masala/src/TicketMasala.Tests/Services/ProjectServiceTests.cs(57,51): warning CS8625: Cannot convert null literal to non-nullable reference type. [/home/juan/coding/garamatic/ticket-masala/src/TicketMasala.Tests/TicketMasala.Tests.csproj]
/home/juan/coding/garamatic/ticket-masala/src/TicketMasala.Tests/Services/ProjectServiceTests.cs(57,57): warning CS8625: Cannot convert null literal to non-nullable reference type. [/home/juan/coding/garamatic/ticket-masala/src/TicketMasala.Tests/TicketMasala.Tests.csproj]
/home/juan/coding/garamatic/ticket-masala/src/TicketMasala.Tests/Services/ProjectServiceTests.cs(57,63): warning CS8625: Cannot convert null literal to non-nullable reference type. [/home/juan/coding/garamatic/ticket-masala/src/TicketMasala.Tests/TicketMasala.Tests.csproj]
/home/juan/coding/garamatic/ticket-masala/src/TicketMasala.Tests/Services/ProjectServiceTests.cs(57,69): warning CS8625: Cannot convert null literal to non-nullable reference type. [/home/juan/coding/garamatic/ticket-masala/src/TicketMasala.Tests/TicketMasala.Tests.csproj]
/home/juan/coding/garamatic/ticket-masala/src/TicketMasala.Tests/Robustness/CrashTests.cs(124,41): warning CS8625: Cannot convert null literal to non-nullable reference type. [/home/juan/coding/garamatic/ticket-masala/src/TicketMasala.Tests/TicketMasala.Tests.csproj]
/home/juan/coding/garamatic/ticket-masala/src/TicketMasala.Tests/Robustness/CrashTests.cs(124,47): warning CS8625: Cannot convert null literal to non-nullable reference type. [/home/juan/coding/garamatic/ticket-masala/src/TicketMasala.Tests/TicketMasala.Tests.csproj]
/home/juan/coding/garamatic/ticket-masala/src/TicketMasala.Tests/UnitTests/Data/DbSeederTests.cs(109,47): warning CS8602: Dereference of a possibly null reference. [/home/juan/coding/garamatic/ticket-masala/src/TicketMasala.Tests/TicketMasala.Tests.csproj]
/home/juan/coding/garamatic/ticket-masala/src/TicketMasala.Tests/UnitTests/Data/DbSeederTests.cs(111,17): warning CS8620: Argument of type 'Func<It.IsAnyType, Exception, string>' cannot be used for parameter 'formatter' of type 'Func<It.IsAnyType, Exception?, string>' in 'void ILogger.Log<IsAnyType>(LogLevel logLevel, EventId eventId, IsAnyType state, Exception? exception, Func<IsAnyType, Exception?, string> formatter)' due to differences in the nullability of reference types. [/home/juan/coding/garamatic/ticket-masala/src/TicketMasala.Tests/TicketMasala.Tests.csproj]
/home/juan/coding/garamatic/ticket-masala/src/TicketMasala.Tests/Robustness/CrashTests.cs(194,84): warning CS8625: Cannot convert null literal to non-nullable reference type. [/home/juan/coding/garamatic/ticket-masala/src/TicketMasala.Tests/TicketMasala.Tests.csproj]
/home/juan/coding/garamatic/ticket-masala/src/TicketMasala.Tests/Robustness/CrashTests.cs(194,90): warning CS8625: Cannot convert null literal to non-nullable reference type. [/home/juan/coding/garamatic/ticket-masala/src/TicketMasala.Tests/TicketMasala.Tests.csproj]
/home/juan/coding/garamatic/ticket-masala/src/TicketMasala.Tests/Robustness/CrashTests.cs(194,96): warning CS8625: Cannot convert null literal to non-nullable reference type. [/home/juan/coding/garamatic/ticket-masala/src/TicketMasala.Tests/TicketMasala.Tests.csproj]
/home/juan/coding/garamatic/ticket-masala/src/TicketMasala.Tests/Robustness/CrashTests.cs(194,102): warning CS8625: Cannot convert null literal to non-nullable reference type. [/home/juan/coding/garamatic/ticket-masala/src/TicketMasala.Tests/TicketMasala.Tests.csproj]
/home/juan/coding/garamatic/ticket-masala/src/TicketMasala.Tests/Robustness/CrashTests.cs(194,108): warning CS8625: Cannot convert null literal to non-nullable reference type. [/home/juan/coding/garamatic/ticket-masala/src/TicketMasala.Tests/TicketMasala.Tests.csproj]
/home/juan/coding/garamatic/ticket-masala/src/TicketMasala.Tests/Robustness/CrashTests.cs(194,114): warning CS8625: Cannot convert null literal to non-nullable reference type. [/home/juan/coding/garamatic/ticket-masala/src/TicketMasala.Tests/TicketMasala.Tests.csproj]
/home/juan/coding/garamatic/ticket-masala/src/TicketMasala.Tests/Robustness/CrashTests.cs(194,120): warning CS8625: Cannot convert null literal to non-nullable reference type. [/home/juan/coding/garamatic/ticket-masala/src/TicketMasala.Tests/TicketMasala.Tests.csproj]
/home/juan/coding/garamatic/ticket-masala/src/TicketMasala.Tests/Robustness/CrashTests.cs(194,126): warning CS8625: Cannot convert null literal to non-nullable reference type. [/home/juan/coding/garamatic/ticket-masala/src/TicketMasala.Tests/TicketMasala.Tests.csproj]
/home/juan/coding/garamatic/ticket-masala/src/TicketMasala.Tests/Robustness/CrashTests.cs(195,86): warning CS8600: Converting null literal or possible null value to non-nullable type. [/home/juan/coding/garamatic/ticket-masala/src/TicketMasala.Tests/TicketMasala.Tests.csproj]
/home/juan/coding/garamatic/ticket-masala/src/TicketMasala.Tests/Robustness/CrashTests.cs(197,112): warning CS8625: Cannot convert null literal to non-nullable reference type. [/home/juan/coding/garamatic/ticket-masala/src/TicketMasala.Tests/TicketMasala.Tests.csproj]
/home/juan/coding/garamatic/ticket-masala/src/TicketMasala.Tests/Robustness/CrashTests.cs(197,118): warning CS8625: Cannot convert null literal to non-nullable reference type. [/home/juan/coding/garamatic/ticket-masala/src/TicketMasala.Tests/TicketMasala.Tests.csproj]
/home/juan/coding/garamatic/ticket-masala/src/TicketMasala.Tests/Robustness/CrashTests.cs(197,124): warning CS8625: Cannot convert null literal to non-nullable reference type. [/home/juan/coding/garamatic/ticket-masala/src/TicketMasala.Tests/TicketMasala.Tests.csproj]
/home/juan/coding/garamatic/ticket-masala/src/TicketMasala.Tests/Robustness/CrashTests.cs(197,130): warning CS8625: Cannot convert null literal to non-nullable reference type. [/home/juan/coding/garamatic/ticket-masala/src/TicketMasala.Tests/TicketMasala.Tests.csproj]
  TicketMasala.Tests -> /home/juan/coding/garamatic/ticket-masala/src/TicketMasala.Tests/bin/Debug/net10.0/TicketMasala.Tests.dll

Build succeeded.

/home/juan/coding/garamatic/ticket-masala/src/TicketMasala.Tests/Middleware/CorrelationIdMiddlewareTests.cs(25,25): warning CS8604: Possible null reference argument for parameter 'collection' in 'void Assert.NotEmpty(IEnumerable collection)'. [/home/juan/coding/garamatic/ticket-masala/src/TicketMasala.Tests/TicketMasala.Tests.csproj]
/home/juan/coding/garamatic/ticket-masala/src/TicketMasala.Tests/UnitTests/Data/DbSeederTests.cs(45,85): warning CS8625: Cannot convert null literal to non-nullable reference type. [/home/juan/coding/garamatic/ticket-masala/src/TicketMasala.Tests/TicketMasala.Tests.csproj]
/home/juan/coding/garamatic/ticket-masala/src/TicketMasala.Tests/UnitTests/Data/DbSeederTests.cs(45,91): warning CS8625: Cannot convert null literal to non-nullable reference type. [/home/juan/coding/garamatic/ticket-masala/src/TicketMasala.Tests/TicketMasala.Tests.csproj]
/home/juan/coding/garamatic/ticket-masala/src/TicketMasala.Tests/UnitTests/Data/DbSeederTests.cs(45,97): warning CS8625: Cannot convert null literal to non-nullable reference type. [/home/juan/coding/garamatic/ticket-masala/src/TicketMasala.Tests/TicketMasala.Tests.csproj]
/home/juan/coding/garamatic/ticket-masala/src/TicketMasala.Tests/UnitTests/Data/DbSeederTests.cs(45,103): warning CS8625: Cannot convert null literal to non-nullable reference type. [/home/juan/coding/garamatic/ticket-masala/src/TicketMasala.Tests/TicketMasala.Tests.csproj]
/home/juan/coding/garamatic/ticket-masala/src/TicketMasala.Tests/UnitTests/Data/DbSeederTests.cs(45,109): warning CS8625: Cannot convert null literal to non-nullable reference type. [/home/juan/coding/garamatic/ticket-masala/src/TicketMasala.Tests/TicketMasala.Tests.csproj]
/home/juan/coding/garamatic/ticket-masala/src/TicketMasala.Tests/UnitTests/Data/DbSeederTests.cs(45,115): warning CS8625: Cannot convert null literal to non-nullable reference type. [/home/juan/coding/garamatic/ticket-masala/src/TicketMasala.Tests/TicketMasala.Tests.csproj]
/home/juan/coding/garamatic/ticket-masala/src/TicketMasala.Tests/UnitTests/Data/DbSeederTests.cs(45,121): warning CS8625: Cannot convert null literal to non-nullable reference type. [/home/juan/coding/garamatic/ticket-masala/src/TicketMasala.Tests/TicketMasala.Tests.csproj]
/home/juan/coding/garamatic/ticket-masala/src/TicketMasala.Tests/UnitTests/Data/DbSeederTests.cs(45,127): warning CS8625: Cannot convert null literal to non-nullable reference type. [/home/juan/coding/garamatic/ticket-masala/src/TicketMasala.Tests/TicketMasala.Tests.csproj]
/home/juan/coding/garamatic/ticket-masala/src/TicketMasala.Tests/UnitTests/Data/DbSeederTests.cs(48,82): warning CS8625: Cannot convert null literal to non-nullable reference type. [/home/juan/coding/garamatic/ticket-masala/src/TicketMasala.Tests/TicketMasala.Tests.csproj]
/home/juan/coding/garamatic/ticket-masala/src/TicketMasala.Tests/UnitTests/Data/DbSeederTests.cs(48,88): warning CS8625: Cannot convert null literal to non-nullable reference type. [/home/juan/coding/garamatic/ticket-masala/src/TicketMasala.Tests/TicketMasala.Tests.csproj]
/home/juan/coding/garamatic/ticket-masala/src/TicketMasala.Tests/UnitTests/Data/DbSeederTests.cs(48,94): warning CS8625: Cannot convert null literal to non-nullable reference type. [/home/juan/coding/garamatic/ticket-masala/src/TicketMasala.Tests/TicketMasala.Tests.csproj]
/home/juan/coding/garamatic/ticket-masala/src/TicketMasala.Tests/UnitTests/Data/DbSeederTests.cs(48,100): warning CS8625: Cannot convert null literal to non-nullable reference type. [/home/juan/coding/garamatic/ticket-masala/src/TicketMasala.Tests/TicketMasala.Tests.csproj]
/home/juan/coding/garamatic/ticket-masala/src/TicketMasala.Tests/TestHelpers/DatabaseTestFixture.cs(55,92): warning CS8625: Cannot convert null literal to non-nullable reference type. [/home/juan/coding/garamatic/ticket-masala/src/TicketMasala.Tests/TicketMasala.Tests.csproj]
/home/juan/coding/garamatic/ticket-masala/src/TicketMasala.Tests/TestHelpers/DatabaseTestFixture.cs(55,98): warning CS8625: Cannot convert null literal to non-nullable reference type. [/home/juan/coding/garamatic/ticket-masala/src/TicketMasala.Tests/TicketMasala.Tests.csproj]
/home/juan/coding/garamatic/ticket-masala/src/TicketMasala.Tests/TestHelpers/DatabaseTestFixture.cs(55,104): warning CS8625: Cannot convert null literal to non-nullable reference type. [/home/juan/coding/garamatic/ticket-masala/src/TicketMasala.Tests/TicketMasala.Tests.csproj]
/home/juan/coding/garamatic/ticket-masala/src/TicketMasala.Tests/TestHelpers/DatabaseTestFixture.cs(55,110): warning CS8625: Cannot convert null literal to non-nullable reference type. [/home/juan/coding/garamatic/ticket-masala/src/TicketMasala.Tests/TicketMasala.Tests.csproj]
/home/juan/coding/garamatic/ticket-masala/src/TicketMasala.Tests/TestHelpers/DatabaseTestFixture.cs(55,116): warning CS8625: Cannot convert null literal to non-nullable reference type. [/home/juan/coding/garamatic/ticket-masala/src/TicketMasala.Tests/TicketMasala.Tests.csproj]
/home/juan/coding/garamatic/ticket-masala/src/TicketMasala.Tests/TestHelpers/DatabaseTestFixture.cs(55,122): warning CS8625: Cannot convert null literal to non-nullable reference type. [/home/juan/coding/garamatic/ticket-masala/src/TicketMasala.Tests/TicketMasala.Tests.csproj]
/home/juan/coding/garamatic/ticket-masala/src/TicketMasala.Tests/TestHelpers/DatabaseTestFixture.cs(55,128): warning CS8625: Cannot convert null literal to non-nullable reference type. [/home/juan/coding/garamatic/ticket-masala/src/TicketMasala.Tests/TicketMasala.Tests.csproj]
/home/juan/coding/garamatic/ticket-masala/src/TicketMasala.Tests/TestHelpers/DatabaseTestFixture.cs(55,134): warning CS8625: Cannot convert null literal to non-nullable reference type. [/home/juan/coding/garamatic/ticket-masala/src/TicketMasala.Tests/TicketMasala.Tests.csproj]
/home/juan/coding/garamatic/ticket-masala/src/TicketMasala.Tests/Robustness/CrashTests.cs(59,84): warning CS8625: Cannot convert null literal to non-nullable reference type. [/home/juan/coding/garamatic/ticket-masala/src/TicketMasala.Tests/TicketMasala.Tests.csproj]
/home/juan/coding/garamatic/ticket-masala/src/TicketMasala.Tests/Robustness/CrashTests.cs(59,90): warning CS8625: Cannot convert null literal to non-nullable reference type. [/home/juan/coding/garamatic/ticket-masala/src/TicketMasala.Tests/TicketMasala.Tests.csproj]
/home/juan/coding/garamatic/ticket-masala/src/TicketMasala.Tests/Robustness/CrashTests.cs(59,96): warning CS8625: Cannot convert null literal to non-nullable reference type. [/home/juan/coding/garamatic/ticket-masala/src/TicketMasala.Tests/TicketMasala.Tests.csproj]
/home/juan/coding/garamatic/ticket-masala/src/TicketMasala.Tests/Robustness/CrashTests.cs(59,102): warning CS8625: Cannot convert null literal to non-nullable reference type. [/home/juan/coding/garamatic/ticket-masala/src/TicketMasala.Tests/TicketMasala.Tests.csproj]
/home/juan/coding/garamatic/ticket-masala/src/TicketMasala.Tests/Robustness/CrashTests.cs(59,108): warning CS8625: Cannot convert null literal to non-nullable reference type. [/home/juan/coding/garamatic/ticket-masala/src/TicketMasala.Tests/TicketMasala.Tests.csproj]
/home/juan/coding/garamatic/ticket-masala/src/TicketMasala.Tests/Robustness/CrashTests.cs(59,114): warning CS8625: Cannot convert null literal to non-nullable reference type. [/home/juan/coding/garamatic/ticket-masala/src/TicketMasala.Tests/TicketMasala.Tests.csproj]
/home/juan/coding/garamatic/ticket-masala/src/TicketMasala.Tests/Robustness/CrashTests.cs(59,120): warning CS8625: Cannot convert null literal to non-nullable reference type. [/home/juan/coding/garamatic/ticket-masala/src/TicketMasala.Tests/TicketMasala.Tests.csproj]
/home/juan/coding/garamatic/ticket-masala/src/TicketMasala.Tests/Robustness/CrashTests.cs(59,126): warning CS8625: Cannot convert null literal to non-nullable reference type. [/home/juan/coding/garamatic/ticket-masala/src/TicketMasala.Tests/TicketMasala.Tests.csproj]
/home/juan/coding/garamatic/ticket-masala/src/TicketMasala.Tests/Robustness/CrashTests.cs(60,112): warning CS8625: Cannot convert null literal to non-nullable reference type. [/home/juan/coding/garamatic/ticket-masala/src/TicketMasala.Tests/TicketMasala.Tests.csproj]
/home/juan/coding/garamatic/ticket-masala/src/TicketMasala.Tests/Robustness/CrashTests.cs(60,118): warning CS8625: Cannot convert null literal to non-nullable reference type. [/home/juan/coding/garamatic/ticket-masala/src/TicketMasala.Tests/TicketMasala.Tests.csproj]
/home/juan/coding/garamatic/ticket-masala/src/TicketMasala.Tests/Robustness/CrashTests.cs(60,124): warning CS8625: Cannot convert null literal to non-nullable reference type. [/home/juan/coding/garamatic/ticket-masala/src/TicketMasala.Tests/TicketMasala.Tests.csproj]
/home/juan/coding/garamatic/ticket-masala/src/TicketMasala.Tests/Robustness/CrashTests.cs(60,130): warning CS8625: Cannot convert null literal to non-nullable reference type. [/home/juan/coding/garamatic/ticket-masala/src/TicketMasala.Tests/TicketMasala.Tests.csproj]
/home/juan/coding/garamatic/ticket-masala/src/TicketMasala.Tests/Robustness/CrashTests.cs(69,24): warning CS8625: Cannot convert null literal to non-nullable reference type. [/home/juan/coding/garamatic/ticket-masala/src/TicketMasala.Tests/TicketMasala.Tests.csproj]
/home/juan/coding/garamatic/ticket-masala/src/TicketMasala.Tests/Services/ProjectServiceTests.cs(57,27): warning CS8625: Cannot convert null literal to non-nullable reference type. [/home/juan/coding/garamatic/ticket-masala/src/TicketMasala.Tests/TicketMasala.Tests.csproj]
/home/juan/coding/garamatic/ticket-masala/src/TicketMasala.Tests/Services/ProjectServiceTests.cs(57,33): warning CS8625: Cannot convert null literal to non-nullable reference type. [/home/juan/coding/garamatic/ticket-masala/src/TicketMasala.Tests/TicketMasala.Tests.csproj]
/home/juan/coding/garamatic/ticket-masala/src/TicketMasala.Tests/Services/ProjectServiceTests.cs(57,39): warning CS8625: Cannot convert null literal to non-nullable reference type. [/home/juan/coding/garamatic/ticket-masala/src/TicketMasala.Tests/TicketMasala.Tests.csproj]
/home/juan/coding/garamatic/ticket-masala/src/TicketMasala.Tests/Services/ProjectServiceTests.cs(57,45): warning CS8625: Cannot convert null literal to non-nullable reference type. [/home/juan/coding/garamatic/ticket-masala/src/TicketMasala.Tests/TicketMasala.Tests.csproj]
/home/juan/coding/garamatic/ticket-masala/src/TicketMasala.Tests/Services/ProjectServiceTests.cs(57,51): warning CS8625: Cannot convert null literal to non-nullable reference type. [/home/juan/coding/garamatic/ticket-masala/src/TicketMasala.Tests/TicketMasala.Tests.csproj]
/home/juan/coding/garamatic/ticket-masala/src/TicketMasala.Tests/Services/ProjectServiceTests.cs(57,57): warning CS8625: Cannot convert null literal to non-nullable reference type. [/home/juan/coding/garamatic/ticket-masala/src/TicketMasala.Tests/TicketMasala.Tests.csproj]
/home/juan/coding/garamatic/ticket-masala/src/TicketMasala.Tests/Services/ProjectServiceTests.cs(57,63): warning CS8625: Cannot convert null literal to non-nullable reference type. [/home/juan/coding/garamatic/ticket-masala/src/TicketMasala.Tests/TicketMasala.Tests.csproj]
/home/juan/coding/garamatic/ticket-masala/src/TicketMasala.Tests/Services/ProjectServiceTests.cs(57,69): warning CS8625: Cannot convert null literal to non-nullable reference type. [/home/juan/coding/garamatic/ticket-masala/src/TicketMasala.Tests/TicketMasala.Tests.csproj]
/home/juan/coding/garamatic/ticket-masala/src/TicketMasala.Tests/Robustness/CrashTests.cs(124,41): warning CS8625: Cannot convert null literal to non-nullable reference type. [/home/juan/coding/garamatic/ticket-masala/src/TicketMasala.Tests/TicketMasala.Tests.csproj]
/home/juan/coding/garamatic/ticket-masala/src/TicketMasala.Tests/Robustness/CrashTests.cs(124,47): warning CS8625: Cannot convert null literal to non-nullable reference type. [/home/juan/coding/garamatic/ticket-masala/src/TicketMasala.Tests/TicketMasala.Tests.csproj]
/home/juan/coding/garamatic/ticket-masala/src/TicketMasala.Tests/UnitTests/Data/DbSeederTests.cs(109,47): warning CS8602: Dereference of a possibly null reference. [/home/juan/coding/garamatic/ticket-masala/src/TicketMasala.Tests/TicketMasala.Tests.csproj]
/home/juan/coding/garamatic/ticket-masala/src/TicketMasala.Tests/UnitTests/Data/DbSeederTests.cs(111,17): warning CS8620: Argument of type 'Func<It.IsAnyType, Exception, string>' cannot be used for parameter 'formatter' of type 'Func<It.IsAnyType, Exception?, string>' in 'void ILogger.Log<IsAnyType>(LogLevel logLevel, EventId eventId, IsAnyType state, Exception? exception, Func<IsAnyType, Exception?, string> formatter)' due to differences in the nullability of reference types. [/home/juan/coding/garamatic/ticket-masala/src/TicketMasala.Tests/TicketMasala.Tests.csproj]
/home/juan/coding/garamatic/ticket-masala/src/TicketMasala.Tests/Robustness/CrashTests.cs(194,84): warning CS8625: Cannot convert null literal to non-nullable reference type. [/home/juan/coding/garamatic/ticket-masala/src/TicketMasala.Tests/TicketMasala.Tests.csproj]
/home/juan/coding/garamatic/ticket-masala/src/TicketMasala.Tests/Robustness/CrashTests.cs(194,90): warning CS8625: Cannot convert null literal to non-nullable reference type. [/home/juan/coding/garamatic/ticket-masala/src/TicketMasala.Tests/TicketMasala.Tests.csproj]
/home/juan/coding/garamatic/ticket-masala/src/TicketMasala.Tests/Robustness/CrashTests.cs(194,96): warning CS8625: Cannot convert null literal to non-nullable reference type. [/home/juan/coding/garamatic/ticket-masala/src/TicketMasala.Tests/TicketMasala.Tests.csproj]
/home/juan/coding/garamatic/ticket-masala/src/TicketMasala.Tests/Robustness/CrashTests.cs(194,102): warning CS8625: Cannot convert null literal to non-nullable reference type. [/home/juan/coding/garamatic/ticket-masala/src/TicketMasala.Tests/TicketMasala.Tests.csproj]
/home/juan/coding/garamatic/ticket-masala/src/TicketMasala.Tests/Robustness/CrashTests.cs(194,108): warning CS8625: Cannot convert null literal to non-nullable reference type. [/home/juan/coding/garamatic/ticket-masala/src/TicketMasala.Tests/TicketMasala.Tests.csproj]
/home/juan/coding/garamatic/ticket-masala/src/TicketMasala.Tests/Robustness/CrashTests.cs(194,114): warning CS8625: Cannot convert null literal to non-nullable reference type. [/home/juan/coding/garamatic/ticket-masala/src/TicketMasala.Tests/TicketMasala.Tests.csproj]
/home/juan/coding/garamatic/ticket-masala/src/TicketMasala.Tests/Robustness/CrashTests.cs(194,120): warning CS8625: Cannot convert null literal to non-nullable reference type. [/home/juan/coding/garamatic/ticket-masala/src/TicketMasala.Tests/TicketMasala.Tests.csproj]
/home/juan/coding/garamatic/ticket-masala/src/TicketMasala.Tests/Robustness/CrashTests.cs(194,126): warning CS8625: Cannot convert null literal to non-nullable reference type. [/home/juan/coding/garamatic/ticket-masala/src/TicketMasala.Tests/TicketMasala.Tests.csproj]
/home/juan/coding/garamatic/ticket-masala/src/TicketMasala.Tests/Robustness/CrashTests.cs(195,86): warning CS8600: Converting null literal or possible null value to non-nullable type. [/home/juan/coding/garamatic/ticket-masala/src/TicketMasala.Tests/TicketMasala.Tests.csproj]
/home/juan/coding/garamatic/ticket-masala/src/TicketMasala.Tests/Robustness/CrashTests.cs(197,112): warning CS8625: Cannot convert null literal to non-nullable reference type. [/home/juan/coding/garamatic/ticket-masala/src/TicketMasala.Tests/TicketMasala.Tests.csproj]
/home/juan/coding/garamatic/ticket-masala/src/TicketMasala.Tests/Robustness/CrashTests.cs(197,118): warning CS8625: Cannot convert null literal to non-nullable reference type. [/home/juan/coding/garamatic/ticket-masala/src/TicketMasala.Tests/TicketMasala.Tests.csproj]
/home/juan/coding/garamatic/ticket-masala/src/TicketMasala.Tests/Robustness/CrashTests.cs(197,124): warning CS8625: Cannot convert null literal to non-nullable reference type. [/home/juan/coding/garamatic/ticket-masala/src/TicketMasala.Tests/TicketMasala.Tests.csproj]
/home/juan/coding/garamatic/ticket-masala/src/TicketMasala.Tests/Robustness/CrashTests.cs(197,130): warning CS8625: Cannot convert null literal to non-nullable reference type. [/home/juan/coding/garamatic/ticket-masala/src/TicketMasala.Tests/TicketMasala.Tests.csproj]
    59 Warning(s)
    0 Error(s)

Time Elapsed 00:00:03.66
